2021-04-04 13:13:40,927:INFO:PyCaret Supervised Module
2021-04-04 13:13:40,927:INFO:ML Usecase: classification
2021-04-04 13:13:40,927:INFO:version 2.3.0
2021-04-04 13:13:40,927:INFO:Initializing setup()
2021-04-04 13:13:40,927:INFO:setup(target=loan_status, ml_usecase=classification, available_plots={'parameter': 'Hyperparameters', 'auc': 'AUC', 'confusion_matrix': 'Confusion Matrix', 'threshold': 'Threshold', 'pr': 'Precision Recall', 'error': 'Prediction Error', 'class_report': 'Class Report', 'rfe': 'Feature Selection', 'learning': 'Learning Curve', 'manifold': 'Manifold Learning', 'calibration': 'Calibration Curve', 'vc': 'Validation Curve', 'dimension': 'Dimensions', 'feature': 'Feature Importance', 'feature_all': 'Feature Importance (All)', 'boundary': 'Decision Boundary', 'lift': 'Lift Chart', 'gain': 'Gain Chart', 'tree': 'Decision Tree'}, train_size=0.7, test_data=None, preprocess=True, imputation_type=simple, iterative_imputation_iters=5, categorical_features=None, categorical_imputation=constant, categorical_iterative_imputer=lightgbm, ordinal_features=None, high_cardinality_features=None, high_cardinality_method=frequency, numeric_features=None, numeric_imputation=mean, numeric_iterative_imputer=lightgbm, date_features=None, ignore_features=None, normalize=False, normalize_method=zscore, transformation=False, transformation_method=yeo-johnson, handle_unknown_categorical=True, unknown_categorical_method=least_frequent, pca=False, pca_method=linear, pca_components=None, ignore_low_variance=False, combine_rare_levels=False, rare_level_threshold=0.1, bin_numeric_features=None, remove_outliers=False, outliers_threshold=0.05, remove_multicollinearity=False, multicollinearity_threshold=0.9, remove_perfect_collinearity=True, create_clusters=False, cluster_iter=20, polynomial_features=False, polynomial_degree=2, trigonometry_features=False, polynomial_threshold=0.1, group_features=None, group_names=None, feature_selection=False, feature_selection_threshold=0.8, feature_selection_method=classic, feature_interaction=False, feature_ratio=False, interaction_threshold=0.01, fix_imbalance=False, fix_imbalance_method=None, transform_target=False, transform_target_method=box-cox, data_split_shuffle=True, data_split_stratify=False, fold_strategy=stratifiedkfold, fold=10, fold_shuffle=False, fold_groups=None, n_jobs=-1, use_gpu=False, custom_pipeline=None, html=True, session_id=123, log_experiment=False, experiment_name=None, log_plots=False, log_profile=False, log_data=False, silent=False, verbose=True, profile=False, profile_kwargs=None, display=None)
2021-04-04 13:13:40,927:INFO:Checking environment
2021-04-04 13:13:40,927:INFO:python_version: 3.7.10
2021-04-04 13:13:40,927:INFO:python_build: ('default', 'Feb 19 2021 16:07:37')
2021-04-04 13:13:40,927:INFO:machine: x86_64
2021-04-04 13:13:40,934:INFO:platform: Linux-4.19.0-16-cloud-amd64-x86_64-with-debian-10.9
2021-04-04 13:13:40,935:INFO:Memory: svmem(total=15128936448, available=708268032, percent=95.3, used=14124539904, free=534343680, active=13871575040, inactive=217944064, buffers=34103296, cached=435949568, shared=8871936, slab=244924416)
2021-04-04 13:13:40,936:INFO:Physical Core: 8
2021-04-04 13:13:40,936:INFO:Logical Core: 16
2021-04-04 13:13:40,936:INFO:Checking libraries
2021-04-04 13:13:40,936:INFO:pd==1.2.3
2021-04-04 13:13:40,936:INFO:numpy==1.19.5
2021-04-04 13:13:40,936:INFO:sklearn==0.23.2
2021-04-04 13:13:40,936:INFO:lightgbm==3.2.0
2021-04-04 13:13:40,938:WARNING:catboost not found
2021-04-04 13:13:40,939:WARNING:xgboost not found
2021-04-04 13:13:42,271:INFO:mlflow==1.15.0
2021-04-04 13:13:42,272:INFO:Checking Exceptions
2021-04-04 13:13:42,275:INFO:Declaring global variables
2021-04-04 13:13:42,275:INFO:USI: 578e
2021-04-04 13:13:42,275:INFO:pycaret_globals: {'_all_metrics', 'y_test', 'fold_groups_param', 'imputation_regressor', 'master_model_container', 'html_param', 'fold_generator', 'target_param', 'imputation_classifier', 'seed', '_all_models', 'log_plots_param', 'fold_param', '_internal_pipeline', 'y_train', 'pycaret_globals', 'fix_imbalance_param', 'create_model_container', 'y', 'gpu_param', '_available_plots', 'experiment__', '_gpu_n_jobs_param', 'iterative_imputation_iters_param', 'X_test', '_ml_usecase', 'prep_pipe', 'stratify_param', 'X', 'logging_param', 'fix_imbalance_method_param', 'display_container', 'n_jobs_param', '_all_models_internal', 'USI', 'data_before_preprocess', 'X_train', 'transform_target_method_param', 'transform_target_param', 'fold_shuffle_param', 'exp_name_log'}
2021-04-04 13:13:42,275:INFO:Preparing display monitor
2021-04-04 13:13:42,275:INFO:Preparing display monitor
2021-04-04 13:13:42,296:INFO:Importing libraries
2021-04-04 13:13:42,296:INFO:Copying data for preprocessing
2021-04-04 13:41:09,287:INFO:PyCaret Supervised Module
2021-04-04 13:41:09,288:INFO:ML Usecase: classification
2021-04-04 13:41:09,289:INFO:version 2.3.0
2021-04-04 13:41:09,289:INFO:Initializing setup()
2021-04-04 13:41:09,289:INFO:setup(target=loan_status, ml_usecase=classification, available_plots={'parameter': 'Hyperparameters', 'auc': 'AUC', 'confusion_matrix': 'Confusion Matrix', 'threshold': 'Threshold', 'pr': 'Precision Recall', 'error': 'Prediction Error', 'class_report': 'Class Report', 'rfe': 'Feature Selection', 'learning': 'Learning Curve', 'manifold': 'Manifold Learning', 'calibration': 'Calibration Curve', 'vc': 'Validation Curve', 'dimension': 'Dimensions', 'feature': 'Feature Importance', 'feature_all': 'Feature Importance (All)', 'boundary': 'Decision Boundary', 'lift': 'Lift Chart', 'gain': 'Gain Chart', 'tree': 'Decision Tree'}, train_size=0.7, test_data=None, preprocess=True, imputation_type=simple, iterative_imputation_iters=5, categorical_features=None, categorical_imputation=constant, categorical_iterative_imputer=lightgbm, ordinal_features=None, high_cardinality_features=None, high_cardinality_method=frequency, numeric_features=None, numeric_imputation=mean, numeric_iterative_imputer=lightgbm, date_features=None, ignore_features=None, normalize=False, normalize_method=zscore, transformation=False, transformation_method=yeo-johnson, handle_unknown_categorical=True, unknown_categorical_method=least_frequent, pca=False, pca_method=linear, pca_components=None, ignore_low_variance=False, combine_rare_levels=False, rare_level_threshold=0.1, bin_numeric_features=None, remove_outliers=False, outliers_threshold=0.05, remove_multicollinearity=False, multicollinearity_threshold=0.9, remove_perfect_collinearity=True, create_clusters=False, cluster_iter=20, polynomial_features=False, polynomial_degree=2, trigonometry_features=False, polynomial_threshold=0.1, group_features=None, group_names=None, feature_selection=False, feature_selection_threshold=0.8, feature_selection_method=classic, feature_interaction=False, feature_ratio=False, interaction_threshold=0.01, fix_imbalance=False, fix_imbalance_method=None, transform_target=False, transform_target_method=box-cox, data_split_shuffle=True, data_split_stratify=False, fold_strategy=stratifiedkfold, fold=10, fold_shuffle=False, fold_groups=None, n_jobs=-1, use_gpu=False, custom_pipeline=None, html=True, session_id=123, log_experiment=False, experiment_name=None, log_plots=False, log_profile=False, log_data=False, silent=False, verbose=True, profile=False, profile_kwargs=None, display=None)
2021-04-04 13:41:09,289:INFO:Checking environment
2021-04-04 13:41:09,289:INFO:python_version: 3.7.10
2021-04-04 13:41:09,289:INFO:python_build: ('default', 'Feb 19 2021 16:07:37')
2021-04-04 13:41:09,289:INFO:machine: x86_64
2021-04-04 13:41:09,289:INFO:platform: Linux-4.19.0-16-cloud-amd64-x86_64-with-debian-10.9
2021-04-04 13:41:09,289:INFO:Memory: svmem(total=15128936448, available=259915776, percent=98.3, used=14580658176, free=219340800, active=14311034880, inactive=126558208, buffers=23437312, cached=305500160, shared=8871936, slab=231911424)
2021-04-04 13:41:09,290:INFO:Physical Core: 8
2021-04-04 13:41:09,290:INFO:Logical Core: 16
2021-04-04 13:41:09,290:INFO:Checking libraries
2021-04-04 13:41:09,290:INFO:pd==1.2.3
2021-04-04 13:41:09,290:INFO:numpy==1.19.5
2021-04-04 13:41:09,290:INFO:sklearn==0.23.2
2021-04-04 13:41:09,290:INFO:lightgbm==3.2.0
2021-04-04 13:41:09,293:WARNING:catboost not found
2021-04-04 13:41:09,294:WARNING:xgboost not found
2021-04-04 13:41:09,294:INFO:mlflow==1.15.0
2021-04-04 13:41:09,294:INFO:Checking Exceptions
2021-04-04 13:41:09,295:INFO:Declaring global variables
2021-04-04 13:41:09,295:INFO:USI: 057b
2021-04-04 13:41:09,295:INFO:pycaret_globals: {'_all_metrics', 'y_test', 'fold_groups_param', 'imputation_regressor', 'master_model_container', 'html_param', 'fold_generator', 'target_param', 'imputation_classifier', 'seed', '_all_models', 'log_plots_param', 'fold_param', '_internal_pipeline', 'y_train', 'pycaret_globals', 'fix_imbalance_param', 'create_model_container', 'y', 'gpu_param', '_available_plots', 'experiment__', '_gpu_n_jobs_param', 'iterative_imputation_iters_param', 'X_test', '_ml_usecase', 'prep_pipe', 'stratify_param', 'X', 'logging_param', 'fix_imbalance_method_param', 'display_container', 'n_jobs_param', '_all_models_internal', 'USI', 'data_before_preprocess', 'X_train', 'transform_target_method_param', 'transform_target_param', 'fold_shuffle_param', 'exp_name_log'}
2021-04-04 13:41:09,295:INFO:Preparing display monitor
2021-04-04 13:41:09,295:INFO:Preparing display monitor
2021-04-04 13:41:09,328:INFO:Importing libraries
2021-04-04 13:41:09,329:INFO:Copying data for preprocessing
